TN:
SF:src/db.ts
FN:16,(anonymous_0)
FNF:1
FNH:0
FNDA:0,(anonymous_0)
DA:1,21
DA:2,21
DA:4,21
DA:12,21
DA:16,21
DA:17,0
DA:18,0
DA:19,0
DA:21,0
DA:22,0
DA:24,0
DA:26,0
DA:27,0
DA:31,21
LF:14
LH:6
BRDA:5,0,0,21
BRDA:5,0,1,21
BRDA:6,1,0,21
BRDA:6,1,1,21
BRDA:7,2,0,21
BRDA:7,2,1,21
BRDA:8,3,0,21
BRDA:8,3,1,21
BRDA:9,4,0,21
BRDA:9,4,1,21
BRF:10
BRH:10
end_of_record
TN:
SF:src/healthcheck.ts
FN:5,healthCheck
FNF:1
FNH:0
FNDA:0,healthCheck
DA:2,0
DA:3,0
DA:6,0
DA:8,0
DA:11,0
DA:13,0
DA:14,0
DA:16,0
DA:17,0
DA:21,0
LF:10
LH:0
BRF:0
BRH:0
end_of_record
TN:
SF:src/prisma.ts
FNF:0
FNH:0
DA:1,2
DA:3,2
DA:7,2
LF:3
LH:3
BRF:0
BRH:0
end_of_record
TN:
SF:src/game/Card.ts
FN:4,(anonymous_0)
FN:14,(anonymous_1)
FN:37,(anonymous_2)
FN:45,(anonymous_3)
FN:75,(anonymous_4)
FN:105,(anonymous_5)
FN:112,(anonymous_6)
FN:119,(anonymous_7)
FNF:8
FNH:8
FNDA:5,(anonymous_0)
FNDA:5,(anonymous_1)
FNDA:532118,(anonymous_2)
FNDA:6,(anonymous_3)
FNDA:7,(anonymous_4)
FNDA:3,(anonymous_5)
FNDA:13,(anonymous_6)
FNDA:1,(anonymous_7)
DA:4,5
DA:5,5
DA:6,5
DA:7,5
DA:8,5
DA:14,5
DA:15,5
DA:16,5
DA:17,5
DA:18,5
DA:19,5
DA:20,5
DA:21,5
DA:22,5
DA:23,5
DA:24,5
DA:25,5
DA:26,5
DA:27,5
DA:33,5
DA:38,532118
DA:39,532118
DA:46,6
DA:53,6
DA:69,6
DA:76,7
DA:83,7
DA:99,7
DA:106,3
DA:113,13
DA:120,1
LF:31
LH:31
BRDA:4,0,0,5
BRDA:4,0,1,5
BRDA:14,1,0,5
BRDA:14,1,1,5
BRDA:113,2,0,13
BRDA:113,2,1,11
BRF:6
BRH:6
end_of_record
TN:
SF:src/game/Deck.ts
FN:9,(anonymous_0)
FN:16,(anonymous_1)
FN:32,(anonymous_2)
FN:43,(anonymous_3)
FN:52,(anonymous_4)
FN:66,(anonymous_5)
FN:73,(anonymous_6)
FN:81,(anonymous_7)
FN:88,(anonymous_8)
FN:95,(anonymous_9)
FN:96,(anonymous_10)
FN:102,(anonymous_11)
FN:103,(anonymous_12)
FN:110,(anonymous_13)
FN:155,(anonymous_14)
FN:156,(anonymous_15)
FNF:16
FNH:16
FNDA:67,(anonymous_0)
FNDA:10094,(anonymous_1)
FNDA:10029,(anonymous_2)
FNDA:70575,(anonymous_3)
FNDA:10077,(anonymous_4)
FNDA:159,(anonymous_5)
FNDA:266,(anonymous_6)
FNDA:2,(anonymous_7)
FNDA:2,(anonymous_8)
FNDA:1,(anonymous_9)
FNDA:3,(anonymous_10)
FNDA:1,(anonymous_11)
FNDA:2,(anonymous_12)
FNDA:7205,(anonymous_13)
FNDA:1029,(anonymous_14)
FNDA:7196,(anonymous_15)
DA:1,4
DA:6,4
DA:7,67
DA:10,67
DA:17,10094
DA:20,10094
DA:21,40376
DA:22,1049776
DA:23,524888
DA:33,10029
DA:34,511479
DA:35,511479
DA:44,70575
DA:53,10077
DA:54,10077
DA:55,70163
DA:56,70163
DA:57,70163
DA:60,10077
DA:67,159
DA:74,266
DA:82,2
DA:89,2
DA:96,3
DA:103,2
DA:111,7205
DA:112,2
DA:115,7203
DA:116,7203
DA:120,7203
DA:121,5
DA:122,3
DA:123,3
DA:124,9
DA:125,3
DA:126,1012
DA:127,1011
DA:128,1021
DA:129,7
DA:130,1019
DA:131,1027
DA:132,1035
DA:133,1046
DA:135,2
DA:140,7201
DA:141,2075
DA:142,2054
DA:143,2036
DA:144,1036
DA:146,0
DA:149,7201
DA:156,7196
LF:52
LH:51
BRDA:22,0,0,524888
BRDA:44,1,0,70575
BRDA:44,1,1,2
BRDA:54,2,0,80240
BRDA:54,2,1,70165
BRDA:56,3,0,70163
BRDA:111,4,0,2
BRDA:120,5,0,5
BRDA:120,5,1,3
BRDA:120,5,2,3
BRDA:120,5,3,9
BRDA:120,5,4,3
BRDA:120,5,5,1012
BRDA:120,5,6,1011
BRDA:120,5,7,1021
BRDA:120,5,8,3
BRDA:120,5,9,7
BRDA:120,5,10,1019
BRDA:120,5,11,1027
BRDA:120,5,12,1035
BRDA:120,5,13,1046
BRDA:120,5,14,2
BRDA:140,6,0,2075
BRDA:140,6,1,2054
BRDA:140,6,2,2036
BRDA:140,6,3,1036
BRDA:140,6,4,0
BRF:27
BRH:26
end_of_record
TN:
SF:src/game/GameState.ts
FN:10,(anonymous_0)
FN:23,(anonymous_1)
FN:34,(anonymous_2)
FN:107,(anonymous_3)
FN:123,(anonymous_4)
FN:151,(anonymous_5)
FN:169,(anonymous_6)
FN:182,(anonymous_7)
FN:188,(anonymous_8)
FN:196,(anonymous_9)
FN:223,(anonymous_10)
FN:224,(anonymous_11)
FN:238,(anonymous_12)
FN:255,(anonymous_13)
FN:257,(anonymous_14)
FN:267,(anonymous_15)
FN:284,(anonymous_16)
FN:303,(anonymous_17)
FN:371,(anonymous_18)
FN:375,(anonymous_19)
FN:398,(anonymous_20)
FN:432,(anonymous_21)
FN:443,(anonymous_22)
FN:445,(anonymous_23)
FN:489,(anonymous_24)
FN:492,(anonymous_25)
FN:493,(anonymous_26)
FN:534,(anonymous_27)
FN:551,(anonymous_28)
FN:553,(anonymous_29)
FN:556,(anonymous_30)
FN:570,(anonymous_31)
FN:571,(anonymous_32)
FN:609,(anonymous_33)
FN:614,(anonymous_34)
FN:628,(anonymous_35)
FN:654,(anonymous_36)
FN:671,(anonymous_37)
FN:680,(anonymous_38)
FN:695,(anonymous_39)
FN:712,(anonymous_40)
FN:718,(anonymous_41)
FN:720,(anonymous_42)
FN:738,(anonymous_43)
FN:755,(anonymous_44)
FN:781,(anonymous_45)
FN:799,(anonymous_46)
FN:844,(anonymous_47)
FN:852,(anonymous_48)
FN:861,(anonymous_49)
FN:872,(anonymous_50)
FN:879,(anonymous_51)
FNF:52
FNH:44
FNDA:1,(anonymous_0)
FNDA:1,(anonymous_1)
FNDA:1,(anonymous_2)
FNDA:33,(anonymous_3)
FNDA:71,(anonymous_4)
FNDA:3,(anonymous_5)
FNDA:67,(anonymous_6)
FNDA:30,(anonymous_7)
FNDA:68,(anonymous_8)
FNDA:26,(anonymous_9)
FNDA:63,(anonymous_10)
FNDA:63,(anonymous_11)
FNDA:26,(anonymous_12)
FNDA:26,(anonymous_13)
FNDA:63,(anonymous_14)
FNDA:26,(anonymous_15)
FNDA:52,(anonymous_16)
FNDA:37,(anonymous_17)
FNDA:81,(anonymous_18)
FNDA:4,(anonymous_19)
FNDA:37,(anonymous_20)
FNDA:35,(anonymous_21)
FNDA:28,(anonymous_22)
FNDA:73,(anonymous_23)
FNDA:9,(anonymous_24)
FNDA:23,(anonymous_25)
FNDA:23,(anonymous_26)
FNDA:7,(anonymous_27)
FNDA:2,(anonymous_28)
FNDA:5,(anonymous_29)
FNDA:5,(anonymous_30)
FNDA:0,(anonymous_31)
FNDA:0,(anonymous_32)
FNDA:19,(anonymous_33)
FNDA:50,(anonymous_34)
FNDA:24,(anonymous_35)
FNDA:3,(anonymous_36)
FNDA:198,(anonymous_37)
FNDA:480,(anonymous_38)
FNDA:67,(anonymous_39)
FNDA:2,(anonymous_40)
FNDA:4,(anonymous_41)
FNDA:3,(anonymous_42)
FNDA:2,(anonymous_43)
FNDA:1,(anonymous_44)
FNDA:1,(anonymous_45)
FNDA:0,(anonymous_46)
FNDA:0,(anonymous_47)
FNDA:0,(anonymous_48)
FNDA:0,(anonymous_49)
FNDA:0,(anonymous_50)
FNDA:0,(anonymous_51)
DA:2,1
DA:3,1
DA:4,1
DA:5,1
DA:10,1
DA:11,1
DA:12,1
DA:13,1
DA:14,1
DA:15,1
DA:16,1
DA:17,1
DA:23,1
DA:24,1
DA:25,1
DA:26,1
DA:27,1
DA:28,1
DA:34,1
DA:35,1
DA:36,1
DA:37,1
DA:38,1
DA:91,1
DA:93,33
DA:98,33
DA:99,33
DA:100,33
DA:101,33
DA:103,33
DA:104,33
DA:105,33
DA:113,33
DA:114,33
DA:115,33
DA:116,33
DA:117,33
DA:124,71
DA:125,1
DA:128,70
DA:129,0
DA:132,70
DA:144,70
DA:145,70
DA:152,3
DA:153,1
DA:156,2
DA:158,2
DA:160,1
DA:163,2
DA:170,67
DA:171,67
DA:172,1
DA:175,66
DA:176,66
DA:183,30
DA:184,0
DA:187,30
DA:188,68
DA:190,30
DA:197,26
DA:198,0
DA:201,26
DA:202,26
DA:203,26
DA:204,26
DA:205,26
DA:206,26
DA:209,26
DA:210,63
DA:211,63
DA:212,63
DA:213,63
DA:214,63
DA:215,63
DA:216,63
DA:217,63
DA:222,26
DA:223,63
DA:224,63
DA:226,26
DA:229,26
DA:230,26
DA:231,26
DA:234,26
DA:237,26
DA:238,26
DA:239,26
DA:240,26
DA:243,26
DA:244,26
DA:245,26
DA:246,26
DA:249,26
DA:256,26
DA:257,63
DA:259,26
DA:260,63
DA:268,26
DA:269,26
DA:270,26
DA:272,26
DA:273,26
DA:276,26
DA:277,26
DA:285,52
DA:286,52
DA:288,52
DA:289,52
DA:290,52
DA:291,52
DA:293,52
DA:295,52
DA:296,0
DA:304,37
DA:305,5
DA:308,32
DA:309,32
DA:317,32
DA:319,4
DA:320,4
DA:324,17
DA:327,6
DA:328,6
DA:329,6
DA:330,6
DA:331,6
DA:332,6
DA:334,6
DA:335,0
DA:336,0
DA:338,6
DA:341,3
DA:342,3
DA:343,3
DA:344,3
DA:345,3
DA:347,3
DA:348,0
DA:349,0
DA:351,3
DA:354,2
DA:355,2
DA:356,2
DA:357,2
DA:358,2
DA:359,2
DA:360,2
DA:361,2
DA:364,32
DA:365,32
DA:366,32
DA:367,32
DA:370,32
DA:371,81
DA:373,32
DA:375,4
DA:376,4
DA:377,4
DA:378,4
DA:382,28
DA:383,9
DA:385,19
DA:387,19
DA:388,0
DA:392,28
DA:399,37
DA:400,37
DA:402,35
DA:403,35
DA:405,35
DA:406,35
DA:408,35
DA:410,4
DA:413,18
DA:416,6
DA:419,5
DA:422,2
DA:425,0
DA:433,35
DA:434,35
DA:435,35
DA:437,35
DA:444,28
DA:445,73
DA:447,28
DA:448,0
DA:452,28
DA:455,28
DA:456,13
DA:457,13
DA:460,13
DA:461,13
DA:462,7
DA:463,7
DA:464,5
DA:468,13
DA:469,5
DA:474,23
DA:475,42
DA:476,14
DA:478,28
DA:479,0
DA:483,9
DA:491,9
DA:492,23
DA:493,23
DA:494,9
DA:497,9
DA:498,23
DA:499,22
DA:500,22
DA:505,9
DA:507,9
DA:509,3
DA:510,3
DA:511,3
DA:514,2
DA:515,2
DA:516,2
DA:519,2
DA:520,2
DA:521,2
DA:524,2
DA:525,2
DA:526,2
DA:529,0
DA:533,7
DA:534,7
DA:535,7
DA:536,7
DA:539,7
DA:540,7
DA:541,7
DA:542,7
DA:544,0
DA:552,2
DA:553,5
DA:556,5
DA:559,2
DA:560,2
DA:561,5
DA:562,5
DA:566,2
DA:567,2
DA:569,2
DA:570,0
DA:571,0
DA:574,0
DA:577,0
DA:578,0
DA:580,0
DA:581,0
DA:582,0
DA:583,0
DA:584,0
DA:585,0
DA:586,0
DA:590,0
DA:594,2
DA:595,2
DA:596,0
DA:597,0
DA:598,0
DA:602,2
DA:603,2
DA:610,19
DA:614,19
DA:615,50
DA:616,50
DA:619,19
DA:620,0
DA:621,0
DA:625,19
DA:626,19
DA:627,19
DA:628,24
DA:629,19
DA:630,19
DA:634,19
DA:635,19
DA:636,19
DA:637,19
DA:640,19
DA:641,19
DA:642,19
DA:643,19
DA:648,0
DA:655,3
DA:656,3
DA:657,1
DA:660,2
DA:662,1
DA:665,1
DA:672,198
DA:673,11
DA:676,187
DA:680,187
DA:681,480
DA:682,480
DA:685,187
DA:686,187
DA:689,0
DA:696,67
DA:713,2
DA:714,0
DA:717,2
DA:718,4
DA:720,2
DA:721,3
DA:723,3
DA:724,2
DA:725,2
DA:726,2
DA:730,3
DA:738,2
DA:744,2
DA:756,1
DA:757,1
DA:758,1
DA:759,1
DA:760,1
DA:761,1
DA:764,1
DA:765,2
DA:766,2
DA:767,2
DA:768,2
DA:769,2
DA:770,2
DA:771,2
DA:772,2
DA:775,1
DA:782,1
DA:800,0
DA:801,0
DA:802,0
DA:805,0
DA:806,0
DA:809,0
DA:810,0
DA:811,0
DA:814,0
DA:815,0
DA:819,0
DA:820,0
DA:824,0
DA:825,0
DA:829,0
DA:830,0
DA:834,0
DA:835,0
DA:838,0
DA:845,0
DA:846,0
DA:853,0
DA:859,33
DA:862,0
DA:863,0
DA:864,0
DA:866,0
DA:873,0
DA:880,0
LF:363
LH:300
BRDA:10,0,0,1
BRDA:10,0,1,1
BRDA:23,1,0,1
BRDA:23,1,1,1
BRDA:34,2,0,1
BRDA:34,2,1,1
BRDA:109,3,0,0
BRDA:110,4,0,0
BRDA:111,5,0,0
BRDA:124,6,0,1
BRDA:128,7,0,0
BRDA:152,8,0,1
BRDA:158,9,0,1
BRDA:171,10,0,1
BRDA:183,11,0,0
BRDA:188,12,0,68
BRDA:188,12,1,68
BRDA:197,13,0,0
BRDA:210,14,0,63
BRDA:240,15,0,26
BRDA:240,15,1,26
BRDA:243,16,0,26
BRDA:272,17,0,26
BRDA:276,18,0,26
BRDA:286,19,0,0
BRDA:295,20,0,0
BRDA:303,21,0,32
BRDA:304,22,0,5
BRDA:317,23,0,4
BRDA:317,23,1,17
BRDA:317,23,2,6
BRDA:317,23,3,3
BRDA:317,23,4,2
BRDA:334,24,0,0
BRDA:347,25,0,0
BRDA:373,26,0,4
BRDA:382,27,0,9
BRDA:382,27,1,19
BRDA:387,28,0,0
BRDA:400,29,0,2
BRDA:402,30,0,0
BRDA:403,31,0,0
BRDA:408,32,0,4
BRDA:408,32,1,18
BRDA:408,32,2,6
BRDA:408,32,3,5
BRDA:408,32,4,2
BRDA:408,32,5,0
BRDA:416,33,0,6
BRDA:416,33,1,6
BRDA:419,34,0,5
BRDA:419,34,1,4
BRDA:447,35,0,0
BRDA:455,36,0,13
BRDA:461,37,0,7
BRDA:463,38,0,5
BRDA:463,39,0,7
BRDA:463,39,1,7
BRDA:468,40,0,5
BRDA:475,41,0,14
BRDA:478,42,0,0
BRDA:478,43,0,28
BRDA:478,43,1,0
BRDA:498,44,0,22
BRDA:507,45,0,3
BRDA:507,45,1,2
BRDA:507,45,2,2
BRDA:507,45,3,2
BRDA:507,45,4,0
BRDA:536,46,0,7
BRDA:536,46,1,7
BRDA:539,47,0,7
BRDA:539,47,1,0
BRDA:574,48,0,0
BRDA:582,49,0,0
BRDA:582,49,1,0
BRDA:582,50,0,0
BRDA:582,50,1,0
BRDA:585,51,0,0
BRDA:597,52,0,0
BRDA:610,53,0,10
BRDA:610,53,1,9
BRDA:616,54,0,50
BRDA:616,54,1,50
BRDA:619,55,0,0
BRDA:627,56,0,19
BRDA:629,57,0,0
BRDA:629,57,1,19
BRDA:640,58,0,19
BRDA:640,59,0,19
BRDA:640,59,1,0
BRDA:640,59,2,0
BRDA:656,60,0,1
BRDA:656,61,0,3
BRDA:656,61,1,2
BRDA:660,62,0,1
BRDA:660,63,0,2
BRDA:660,63,1,2
BRDA:672,64,0,11
BRDA:672,65,0,198
BRDA:672,65,1,194
BRDA:672,65,2,187
BRDA:676,66,0,100
BRDA:676,66,1,87
BRDA:682,67,0,480
BRDA:682,67,1,480
BRDA:685,68,0,187
BRDA:685,69,0,187
BRDA:685,69,1,187
BRDA:713,70,0,0
BRDA:723,71,0,2
BRDA:723,72,0,3
BRDA:723,72,1,2
BRDA:725,73,0,2
BRDA:801,74,0,0
BRDA:801,75,0,0
BRDA:801,75,1,0
BRDA:805,76,0,0
BRDA:814,77,0,0
BRDA:819,78,0,0
BRDA:824,79,0,0
BRDA:824,80,0,0
BRDA:824,80,1,0
BRDA:829,81,0,0
BRDA:834,82,0,0
BRDA:846,83,0,0
BRDA:846,83,1,0
BRDA:846,84,0,0
BRDA:846,84,1,0
BRDA:852,85,0,0
BRDA:862,86,0,0
BRF:131
BRH:83
end_of_record
TN:
SF:src/game/HandRank.ts
FN:6,(anonymous_0)
FN:39,(anonymous_1)
FN:62,(anonymous_2)
FN:68,(anonymous_3)
FN:101,(anonymous_4)
FN:120,(anonymous_5)
FN:122,(anonymous_6)
FN:126,(anonymous_7)
FN:142,(anonymous_8)
FN:144,(anonymous_9)
FN:145,(anonymous_10)
FN:166,(anonymous_11)
FN:168,(anonymous_12)
FN:168,(anonymous_13)
FN:183,(anonymous_14)
FN:200,(anonymous_15)
FN:202,(anonymous_16)
FN:207,(anonymous_17)
FN:208,(anonymous_18)
FN:209,(anonymous_19)
FN:225,(anonymous_20)
FN:228,(anonymous_21)
FN:229,(anonymous_22)
FN:230,(anonymous_23)
FN:234,(anonymous_24)
FN:251,(anonymous_25)
FN:253,(anonymous_26)
FN:258,(anonymous_27)
FN:259,(anonymous_28)
FN:260,(anonymous_29)
FN:276,(anonymous_30)
FN:277,(anonymous_31)
FN:277,(anonymous_32)
FN:291,(anonymous_33)
FN:326,(anonymous_34)
FN:328,(anonymous_35)
FN:334,(anonymous_36)
FN:335,(anonymous_37)
FN:335,(anonymous_38)
FN:356,(anonymous_39)
FN:367,(anonymous_40)
FN:378,(anonymous_41)
FN:383,(anonymous_42)
FNF:43
FNH:43
FNDA:3,(anonymous_0)
FNDA:11038,(anonymous_1)
FNDA:231714,(anonymous_2)
FNDA:1714198,(anonymous_3)
FNDA:231714,(anonymous_4)
FNDA:231705,(anonymous_5)
FNDA:1039192,(anonymous_6)
FNDA:73,(anonymous_7)
FNDA:231654,(anonymous_8)
FNDA:1034554,(anonymous_9)
FNDA:889755,(anonymous_10)
FNDA:231356,(anonymous_11)
FNDA:1830,(anonymous_12)
FNDA:1464,(anonymous_13)
FNDA:230990,(anonymous_14)
FNDA:230128,(anonymous_15)
FNDA:1027975,(anonymous_16)
FNDA:13254,(anonymous_17)
FNDA:8836,(anonymous_18)
FNDA:4418,(anonymous_19)
FNDA:225710,(anonymous_20)
FNDA:1019122,(anonymous_21)
FNDA:109428,(anonymous_22)
FNDA:10167,(anonymous_23)
FNDA:20301,(anonymous_24)
FNDA:215543,(anonymous_25)
FNDA:856345,(anonymous_26)
FNDA:356376,(anonymous_27)
FNDA:267282,(anonymous_28)
FNDA:178188,(anonymous_29)
FNDA:126449,(anonymous_30)
FNDA:632245,(anonymous_31)
FNDA:505796,(anonymous_32)
FNDA:220687,(anonymous_33)
FNDA:463070,(anonymous_34)
FNDA:1042726,(anonymous_35)
FNDA:462704,(anonymous_36)
FNDA:2313520,(anonymous_37)
FNDA:1613241,(anonymous_38)
FNDA:1134740,(anonymous_39)
FNDA:242179,(anonymous_40)
FNDA:2637126,(anonymous_41)
FNDA:1158570,(anonymous_42)
DA:6,3
DA:7,3
DA:8,3
DA:9,3
DA:10,3
DA:11,3
DA:12,3
DA:13,3
DA:14,3
DA:15,3
DA:33,3
DA:40,11038
DA:41,4
DA:45,11034
DA:46,11034
DA:49,11034
DA:50,231714
DA:51,231714
DA:52,37148
DA:56,11034
DA:63,231714
DA:64,0
DA:68,1714198
DA:71,231714
DA:72,231714
DA:74,231705
DA:75,231705
DA:77,231654
DA:78,231654
DA:80,231356
DA:81,231356
DA:83,230990
DA:84,230990
DA:86,230128
DA:87,230128
DA:89,225710
DA:90,225710
DA:92,215543
DA:93,215543
DA:95,126449
DA:102,231714
DA:103,231714
DA:105,231714
DA:106,9
DA:114,231705
DA:121,231705
DA:122,1039192
DA:124,231705
DA:125,51
DA:126,73
DA:128,51
DA:136,231654
DA:143,231654
DA:144,1034554
DA:145,889755
DA:147,231654
DA:148,298
DA:149,298
DA:151,298
DA:160,231356
DA:167,231356
DA:168,1830
DA:169,366
DA:177,230990
DA:184,230990
DA:185,230990
DA:186,862
DA:194,230128
DA:201,230128
DA:202,1027975
DA:204,230128
DA:205,4418
DA:206,4418
DA:207,13254
DA:208,8836
DA:209,4418
DA:211,4418
DA:219,225710
DA:226,225710
DA:227,225710
DA:228,1019122
DA:229,109428
DA:230,10167
DA:232,225710
DA:233,10167
DA:234,20301
DA:236,10167
DA:245,215543
DA:252,215543
DA:253,856345
DA:255,215543
DA:256,89094
DA:257,89094
DA:258,356376
DA:259,267282
DA:260,178188
DA:262,89094
DA:270,126449
DA:277,632245
DA:278,126449
DA:293,220687
DA:294,103136
DA:298,117551
DA:299,21512
DA:303,96039
DA:304,5518
DA:305,563
DA:310,95476
DA:311,183750
DA:312,183750
DA:313,183750
DA:314,93297
DA:318,2179
DA:327,463070
DA:328,1042726
DA:335,2313520
DA:337,462704
DA:340,254997
DA:341,411060
DA:343,253403
DA:344,139
DA:346,253264
DA:350,1594
DA:357,1134740
DA:358,1134740
DA:359,5673700
DA:361,1134740
DA:368,242179
DA:372,242179
DA:379,2637126
DA:380,2405412
DA:382,1313046
DA:383,1313046
DA:384,1313046
DA:386,1313046
LF:135
LH:134
BRDA:6,0,0,3
BRDA:6,0,1,3
BRDA:40,1,0,4
BRDA:51,2,0,37148
BRDA:51,3,0,231714
BRDA:51,3,1,220680
BRDA:63,4,0,0
BRDA:72,5,0,9
BRDA:75,6,0,51
BRDA:78,7,0,298
BRDA:81,8,0,366
BRDA:84,9,0,862
BRDA:87,10,0,4418
BRDA:90,11,0,10167
BRDA:93,12,0,89094
BRDA:105,13,0,9
BRDA:105,14,0,231714
BRDA:105,14,1,375
BRDA:124,15,0,51
BRDA:131,16,0,51
BRDA:131,16,1,0
BRDA:147,17,0,298
BRDA:147,18,0,231654
BRDA:147,18,1,4716
BRDA:167,19,0,366
BRDA:185,20,0,862
BRDA:204,21,0,4418
BRDA:232,22,0,10167
BRDA:240,23,0,10167
BRDA:240,23,1,0
BRDA:255,24,0,89094
BRDA:293,25,0,103136
BRDA:298,26,0,21512
BRDA:303,27,0,5518
BRDA:303,28,0,96039
BRDA:303,28,1,5518
BRDA:304,29,0,563
BRDA:311,30,0,183750
BRDA:311,30,1,0
BRDA:312,31,0,183750
BRDA:312,31,1,0
BRDA:313,32,0,93297
BRDA:337,33,0,207707
BRDA:341,34,0,253403
BRDA:343,35,0,139
BRDA:359,36,0,5673700
BRDA:359,36,1,5118445
BRDA:372,37,0,242179
BRDA:372,37,1,0
BRDA:379,38,0,231714
BRDA:380,39,0,1092366
BRF:51
BRH:45
end_of_record
TN:
SF:src/game/PositionManager.ts
FN:22,(anonymous_0)
FN:32,(anonymous_1)
FN:44,(anonymous_2)
FN:55,(anonymous_3)
FN:65,(anonymous_4)
FN:82,(anonymous_5)
FN:99,(anonymous_6)
FN:122,(anonymous_7)
FN:124,(anonymous_8)
FN:131,(anonymous_9)
FN:136,(anonymous_10)
FN:144,(anonymous_11)
FN:165,(anonymous_12)
FN:170,(anonymous_13)
FN:174,(anonymous_14)
FN:195,(anonymous_15)
FN:205,(anonymous_16)
FN:221,(anonymous_17)
FN:222,(anonymous_18)
FN:249,(anonymous_19)
FN:269,(anonymous_20)
FN:276,(anonymous_21)
FN:283,(anonymous_22)
FN:290,(anonymous_23)
FN:305,(anonymous_24)
FN:315,(anonymous_25)
FNF:26
FNH:26
FNDA:82,(anonymous_0)
FNDA:63,(anonymous_1)
FNDA:8,(anonymous_2)
FNDA:92,(anonymous_3)
FNDA:215,(anonymous_4)
FNDA:261,(anonymous_5)
FNDA:72,(anonymous_6)
FNDA:2,(anonymous_7)
FNDA:5,(anonymous_8)
FNDA:108,(anonymous_9)
FNDA:284,(anonymous_10)
FNDA:172,(anonymous_11)
FNDA:140,(anonymous_12)
FNDA:350,(anonymous_13)
FNDA:349,(anonymous_14)
FNDA:82,(anonymous_15)
FNDA:7,(anonymous_16)
FNDA:6,(anonymous_17)
FNDA:14,(anonymous_18)
FNDA:3,(anonymous_19)
FNDA:7,(anonymous_20)
FNDA:9,(anonymous_21)
FNDA:2,(anonymous_22)
FNDA:2,(anonymous_23)
FNDA:1,(anonymous_24)
FNDA:4,(anonymous_25)
DA:16,3
DA:17,82
DA:18,82
DA:19,82
DA:20,82
DA:23,82
DA:24,82
DA:33,63
DA:34,1
DA:37,62
DA:38,62
DA:45,8
DA:46,1
DA:49,7
DA:56,92
DA:57,4
DA:59,88
DA:66,215
DA:67,3
DA:72,212
DA:76,212
DA:83,261
DA:84,3
DA:89,258
DA:93,258
DA:100,72
DA:101,72
DA:102,72
DA:103,72
DA:105,72
DA:106,184
DA:107,184
DA:116,72
DA:123,2
DA:124,5
DA:132,108
DA:133,1
DA:136,284
DA:138,107
DA:139,1
DA:143,106
DA:144,172
DA:146,106
DA:147,0
DA:150,106
DA:151,106
DA:152,280
DA:153,280
DA:154,280
DA:155,278
DA:159,106
DA:166,140
DA:167,1
DA:170,350
DA:173,139
DA:174,349
DA:176,139
DA:177,0
DA:180,139
DA:181,139
DA:182,350
DA:183,350
DA:184,350
DA:185,350
DA:189,139
DA:196,82
DA:206,7
DA:207,2
DA:210,5
DA:211,2
DA:214,3
DA:215,3
DA:222,14
DA:223,6
DA:224,0
DA:228,6
DA:229,1
DA:230,5
DA:232,2
DA:233,0
DA:238,6
DA:241,6
DA:242,6
DA:250,3
DA:251,1
DA:254,2
DA:255,1
DA:258,1
DA:259,0
DA:262,1
DA:270,7
DA:277,9
DA:284,2
DA:291,2
DA:306,1
DA:307,1
DA:308,1
DA:309,1
DA:317,4
DA:318,1
DA:319,1
DA:323,3
DA:324,0
DA:325,0
DA:329,3
DA:330,0
DA:331,0
DA:334,3
DA:335,0
DA:336,0
DA:340,3
DA:341,3
DA:342,0
DA:343,0
DA:346,3
LF:115
LH:102
BRDA:32,0,0,32
BRDA:33,1,0,1
BRDA:45,2,0,1
BRDA:56,3,0,4
BRDA:66,4,0,3
BRDA:72,5,0,86
BRDA:72,5,1,126
BRDA:83,6,0,3
BRDA:89,7,0,119
BRDA:89,7,1,139
BRDA:124,8,0,2
BRDA:124,8,1,1
BRDA:131,9,0,106
BRDA:132,10,0,1
BRDA:138,11,0,1
BRDA:146,12,0,0
BRDA:154,13,0,278
BRDA:165,14,0,140
BRDA:166,15,0,1
BRDA:176,16,0,0
BRDA:184,17,0,350
BRDA:206,18,0,2
BRDA:206,19,0,7
BRDA:206,19,1,5
BRDA:210,20,0,2
BRDA:223,21,0,0
BRDA:228,22,0,1
BRDA:228,22,1,5
BRDA:230,23,0,2
BRDA:232,24,0,0
BRDA:241,25,0,6
BRDA:250,26,0,1
BRDA:254,27,0,1
BRDA:254,27,1,1
BRDA:254,28,0,2
BRDA:254,28,1,1
BRDA:254,28,2,1
BRDA:258,29,0,0
BRDA:317,30,0,1
BRDA:317,31,0,4
BRDA:317,31,1,3
BRDA:323,32,0,0
BRDA:323,33,0,3
BRDA:323,33,1,2
BRDA:323,33,2,2
BRDA:329,34,0,0
BRDA:329,35,0,3
BRDA:329,35,1,3
BRDA:334,36,0,0
BRDA:341,37,0,0
BRF:50
BRH:41
end_of_record
TN:
SF:src/game/PotManager.ts
FN:28,(anonymous_0)
FN:35,(anonymous_1)
FN:46,(anonymous_2)
FN:55,(anonymous_3)
FN:64,(anonymous_4)
FN:65,(anonymous_5)
FN:66,(anonymous_6)
FN:85,(anonymous_7)
FN:88,(anonymous_8)
FN:115,(anonymous_9)
FN:122,(anonymous_10)
FN:123,(anonymous_11)
FN:129,(anonymous_12)
FN:130,(anonymous_13)
FN:136,(anonymous_14)
FN:137,(anonymous_15)
FN:143,(anonymous_16)
FN:150,(anonymous_17)
FN:157,(anonymous_18)
FN:166,(anonymous_19)
FN:175,(anonymous_20)
FN:206,(anonymous_21)
FN:213,(anonymous_22)
FN:225,(anonymous_23)
FN:226,(anonymous_24)
FN:233,(anonymous_25)
FN:235,(anonymous_26)
FNF:27
FNH:25
FNDA:68,(anonymous_0)
FNDA:1071,(anonymous_1)
FNDA:9118,(anonymous_2)
FNDA:1034,(anonymous_3)
FNDA:9055,(anonymous_4)
FNDA:9055,(anonymous_5)
FNDA:17752,(anonymous_6)
FNDA:45076,(anonymous_7)
FNDA:45076,(anonymous_8)
FNDA:83,(anonymous_9)
FNDA:2,(anonymous_10)
FNDA:2,(anonymous_11)
FNDA:1,(anonymous_12)
FNDA:2,(anonymous_13)
FNDA:7,(anonymous_14)
FNDA:6,(anonymous_15)
FNDA:88,(anonymous_16)
FNDA:115,(anonymous_17)
FNDA:82,(anonymous_18)
FNDA:3,(anonymous_19)
FNDA:8,(anonymous_20)
FNDA:11,(anonymous_21)
FNDA:2,(anonymous_22)
FNDA:0,(anonymous_23)
FNDA:0,(anonymous_24)
FNDA:1003,(anonymous_25)
FNDA:9002,(anonymous_26)
DA:24,3
DA:25,68
DA:26,68
DA:29,68
DA:36,1071
DA:37,1071
DA:47,9118
DA:48,9118
DA:56,1034
DA:58,1034
DA:59,9
DA:63,1025
DA:64,9055
DA:65,9055
DA:66,17752
DA:68,1025
DA:69,0
DA:72,1025
DA:73,1025
DA:76,1025
DA:77,9055
DA:78,9055
DA:80,9055
DA:81,17
DA:85,45076
DA:88,9038
DA:89,45076
DA:92,9038
DA:93,2
DA:97,9036
DA:100,9036
DA:107,9036
DA:108,9036
DA:116,83
DA:123,2
DA:130,2
DA:137,7
DA:144,88
DA:151,115
DA:158,82
DA:159,82
DA:160,82
DA:167,3
DA:176,8
DA:178,8
DA:179,9
DA:181,9
DA:182,1
DA:186,8
DA:187,8
DA:189,8
DA:190,12
DA:191,12
DA:194,12
DA:195,0
DA:200,8
DA:207,11
DA:214,2
DA:226,0
DA:227,0
DA:235,9002
DA:236,1003
DA:237,0
DA:238,0
DA:242,1003
DA:243,9002
DA:244,0
DA:245,0
DA:248,9002
DA:249,0
DA:250,0
DA:254,1003
LF:72
LH:62
BRDA:46,0,0,9118
BRDA:47,1,0,9118
BRDA:47,1,1,9107
BRDA:58,2,0,9
BRDA:68,3,0,0
BRDA:80,4,0,17
BRDA:92,5,0,2
BRDA:104,6,0,1024
BRDA:104,6,1,8012
BRDA:123,7,0,2
BRDA:123,7,1,0
BRDA:144,8,0,88
BRDA:144,8,1,46
BRDA:179,9,0,9
BRDA:179,9,1,1
BRDA:181,10,0,1
BRDA:191,11,0,12
BRDA:191,11,1,10
BRDA:194,12,0,0
BRDA:236,13,0,0
BRDA:243,14,0,0
BRDA:248,15,0,0
BRF:22
BRH:16
end_of_record
TN:
SF:src/middleware/auth.ts
FN:14,(anonymous_1)
FN:42,(anonymous_2)
FNF:2
FNH:1
FNDA:21,(anonymous_1)
FNDA:0,(anonymous_2)
DA:2,1
DA:3,1
DA:12,1
DA:14,1
DA:15,21
DA:16,21
DA:18,21
DA:19,2
DA:22,19
DA:23,19
DA:26,0
DA:31,0
DA:32,0
DA:35,0
DA:36,0
DA:38,19
DA:42,1
DA:43,0
LF:18
LH:12
BRDA:12,0,0,1
BRDA:12,0,1,0
BRDA:16,1,0,21
BRDA:16,1,1,19
BRDA:18,2,0,2
BRDA:31,3,0,0
BRF:6
BRH:4
end_of_record
TN:
SF:src/routes/auth.ts
FN:9,(anonymous_1)
FN:62,(anonymous_2)
FNF:2
FNH:0
FNDA:0,(anonymous_1)
FNDA:0,(anonymous_2)
DA:1,0
DA:2,0
DA:3,0
DA:4,0
DA:6,0
DA:9,0
DA:10,0
DA:11,0
DA:14,0
DA:15,0
DA:19,0
DA:23,0
DA:24,0
DA:28,0
DA:29,0
DA:32,0
DA:47,0
DA:49,0
DA:56,0
DA:57,0
DA:62,0
DA:63,0
DA:64,0
DA:67,0
DA:68,0
DA:72,0
DA:76,0
DA:77,0
DA:81,0
DA:83,0
DA:84,0
DA:88,0
DA:90,0
DA:102,0
DA:103,0
DA:107,0
LF:36
LH:0
BRDA:14,0,0,0
BRDA:14,1,0,0
BRDA:14,1,1,0
BRDA:23,2,0,0
BRDA:36,3,0,0
BRDA:36,3,1,0
BRDA:67,4,0,0
BRDA:67,5,0,0
BRDA:67,5,1,0
BRDA:76,6,0,0
BRDA:83,7,0,0
BRF:11
BRH:0
end_of_record
TN:
SF:src/routes/room.ts
FN:10,(anonymous_1)
FN:98,(anonymous_2)
FN:134,(anonymous_3)
FN:174,(anonymous_4)
FN:259,(anonymous_5)
FN:302,(anonymous_6)
FNF:6
FNH:1
FNDA:0,(anonymous_1)
FNDA:3,(anonymous_2)
FNDA:0,(anonymous_3)
FNDA:0,(anonymous_4)
FNDA:0,(anonymous_5)
FNDA:0,(anonymous_6)
DA:1,1
DA:2,1
DA:3,1
DA:4,1
DA:5,1
DA:7,1
DA:10,1
DA:11,0
DA:12,0
DA:13,0
DA:14,0
DA:15,0
DA:17,0
DA:18,0
DA:22,0
DA:23,0
DA:26,0
DA:27,0
DA:31,0
DA:52,0
DA:71,0
DA:74,0
DA:76,0
DA:92,0
DA:93,0
DA:98,1
DA:99,3
DA:100,3
DA:101,3
DA:102,3
DA:105,3
DA:126,0
DA:133,0
DA:135,0
DA:136,0
DA:138,0
DA:139,0
DA:140,0
DA:143,0
DA:158,0
DA:168,3
DA:169,3
DA:174,1
DA:175,0
DA:176,0
DA:177,0
DA:178,0
DA:179,0
DA:181,0
DA:182,0
DA:185,0
DA:186,0
DA:190,0
DA:191,0
DA:192,0
DA:199,0
DA:212,0
DA:213,0
DA:216,0
DA:217,0
DA:221,0
DA:222,0
DA:226,0
DA:229,0
DA:230,0
DA:233,0
DA:254,0
DA:255,0
DA:259,0
DA:260,0
DA:261,0
DA:265,0
DA:272,0
DA:275,0
DA:278,0
DA:280,0
DA:296,0
DA:297,0
DA:302,1
DA:303,0
DA:304,0
DA:305,0
DA:306,0
DA:308,0
DA:309,0
DA:313,0
DA:317,0
DA:318,0
DA:321,0
DA:322,0
DA:326,0
DA:332,0
DA:335,0
DA:337,0
DA:339,0
DA:340,0
DA:344,1
LF:97
LH:18
BRDA:14,0,0,0
BRDA:14,0,1,0
BRDA:14,1,0,0
BRDA:14,1,1,0
BRDA:15,2,0,0
BRDA:15,2,1,0
BRDA:15,3,0,0
BRDA:15,3,1,0
BRDA:17,4,0,0
BRDA:17,5,0,0
BRDA:17,5,1,0
BRDA:22,6,0,0
BRDA:22,7,0,0
BRDA:22,7,1,0
BRDA:22,7,2,0
BRDA:26,8,0,0
BRDA:26,9,0,0
BRDA:26,9,1,0
BRDA:26,9,2,0
BRDA:34,10,0,0
BRDA:34,10,1,0
BRDA:35,11,0,0
BRDA:35,11,1,0
BRDA:36,12,0,0
BRDA:36,12,1,0
BRDA:37,13,0,0
BRDA:37,13,1,0
BRDA:100,14,0,3
BRDA:100,14,1,1
BRDA:101,15,0,3
BRDA:101,15,1,1
BRDA:138,16,0,0
BRDA:140,17,0,0
BRDA:140,17,1,0
BRDA:178,18,0,0
BRDA:178,18,1,0
BRDA:178,19,0,0
BRDA:178,19,1,0
BRDA:179,20,0,0
BRDA:179,20,1,0
BRDA:179,21,0,0
BRDA:179,21,1,0
BRDA:181,22,0,0
BRDA:181,23,0,0
BRDA:181,23,1,0
BRDA:185,24,0,0
BRDA:191,25,0,0
BRDA:191,26,0,0
BRDA:191,26,1,0
BRDA:212,27,0,0
BRDA:216,28,0,0
BRDA:221,29,0,0
BRDA:221,30,0,0
BRDA:221,30,1,0
BRDA:229,31,0,0
BRDA:229,31,1,0
BRDA:254,32,0,0
BRDA:260,33,0,0
BRDA:306,34,0,0
BRDA:306,34,1,0
BRDA:306,35,0,0
BRDA:306,35,1,0
BRDA:308,36,0,0
BRDA:317,37,0,0
BRDA:321,38,0,0
BRF:65
BRH:4
end_of_record
TN:
SF:src/routes/user.ts
FN:8,(anonymous_1)
FNF:1
FNH:0
FNDA:0,(anonymous_1)
DA:1,0
DA:2,0
DA:3,0
DA:5,0
DA:8,0
DA:9,0
DA:10,0
DA:12,0
DA:13,0
DA:16,0
DA:27,0
DA:28,0
DA:31,0
DA:37,0
DA:38,0
DA:42,0
LF:16
LH:0
BRDA:10,0,0,0
BRDA:10,0,1,0
BRDA:10,1,0,0
BRDA:10,1,1,0
BRDA:12,2,0,0
BRDA:27,3,0,0
BRF:6
BRH:0
end_of_record
TN:
SF:src/services/userStateService.ts
FN:19,(anonymous_0)
FN:21,(anonymous_1)
FN:31,(anonymous_2)
FN:44,(anonymous_3)
FN:57,(anonymous_4)
FN:70,(anonymous_5)
FN:94,(anonymous_6)
FN:107,(anonymous_7)
FN:178,(anonymous_8)
FN:224,(anonymous_9)
FN:249,(anonymous_10)
FN:269,(anonymous_11)
FN:278,(anonymous_12)
FN:279,(anonymous_13)
FN:290,(anonymous_14)
FN:326,(anonymous_15)
FNF:16
FNH:6
FNDA:2,(anonymous_0)
FNDA:2,(anonymous_1)
FNDA:3,(anonymous_2)
FNDA:2,(anonymous_3)
FNDA:2,(anonymous_4)
FNDA:0,(anonymous_5)
FNDA:0,(anonymous_6)
FNDA:0,(anonymous_7)
FNDA:0,(anonymous_8)
FNDA:0,(anonymous_9)
FNDA:0,(anonymous_10)
FNDA:0,(anonymous_11)
FNDA:0,(anonymous_12)
FNDA:0,(anonymous_13)
FNDA:1,(anonymous_14)
FNDA:0,(anonymous_15)
DA:1,2
DA:4,2
DA:16,2
DA:22,2
DA:23,2
DA:25,2
DA:32,3
DA:33,3
DA:34,2
DA:36,1
DA:37,1
DA:45,2
DA:46,2
DA:47,1
DA:49,1
DA:50,1
DA:58,2
DA:59,2
DA:60,1
DA:62,1
DA:63,1
DA:76,0
DA:77,0
DA:79,0
DA:80,0
DA:84,0
DA:85,0
DA:87,0
DA:88,0
DA:91,0
DA:94,0
DA:95,0
DA:97,0
DA:98,0
DA:102,0
DA:103,0
DA:104,0
DA:107,0
DA:108,0
DA:112,0
DA:113,0
DA:116,0
DA:117,0
DA:118,0
DA:119,0
DA:123,0
DA:124,0
DA:127,0
DA:128,0
DA:135,0
DA:139,0
DA:142,0
DA:143,0
DA:144,0
DA:148,0
DA:152,0
DA:153,0
DA:157,0
DA:162,0
DA:164,0
DA:166,0
DA:167,0
DA:184,0
DA:185,0
DA:188,0
DA:189,0
DA:193,0
DA:200,0
DA:201,0
DA:207,0
DA:212,0
DA:213,0
DA:229,0
DA:230,0
DA:232,0
DA:233,0
DA:235,0
DA:236,0
DA:240,0
DA:241,0
DA:242,0
DA:243,0
DA:244,0
DA:245,0
DA:248,0
DA:249,0
DA:251,0
DA:252,0
DA:253,0
DA:254,0
DA:255,0
DA:258,0
DA:260,0
DA:261,0
DA:262,0
DA:270,0
DA:271,0
DA:272,0
DA:273,0
DA:276,0
DA:277,0
DA:278,0
DA:279,0
DA:281,0
DA:282,0
DA:291,1
DA:292,1
DA:294,1
DA:296,1
DA:298,1
DA:299,3
DA:300,3
DA:301,3
DA:304,3
DA:305,3
DA:306,2
DA:307,2
DA:308,2
DA:311,0
DA:315,0
DA:318,1
DA:323,2
DA:326,2
DA:327,0
DA:328,0
DA:329,0
DA:330,0
DA:333,0
LF:128
LH:37
BRDA:22,0,0,2
BRDA:34,1,0,1
BRDA:34,1,1,1
BRDA:74,2,0,0
BRDA:79,3,0,0
BRDA:85,4,0,0
BRDA:95,5,0,0
BRDA:112,6,0,0
BRDA:112,6,1,0
BRDA:118,7,0,0
BRDA:118,8,0,0
BRDA:118,8,1,0
BRDA:123,9,0,0
BRDA:123,10,0,0
BRDA:123,10,1,0
BRDA:142,11,0,0
BRDA:152,12,0,0
BRDA:188,13,0,0
BRDA:188,14,0,0
BRDA:188,14,1,0
BRDA:200,15,0,0
BRDA:203,16,0,0
BRDA:203,16,1,0
BRDA:235,17,0,0
BRDA:241,18,0,0
BRDA:251,19,0,0
BRDA:272,20,0,0
BRDA:301,21,0,0
BRDA:305,22,0,2
BRDA:329,23,0,0
BRDA:329,24,0,0
BRDA:329,24,1,0
BRF:32
BRH:4
end_of_record
TN:
SF:src/socket/socketServer.ts
FN:20,createSocketServer
FN:42,(anonymous_2)
FN:75,(anonymous_3)
FN:89,(anonymous_4)
FN:103,(anonymous_5)
FN:113,(anonymous_6)
FN:121,handlePlayerDisconnect
FN:138,(anonymous_8)
FN:176,getRoomSocketCount
FN:185,getUserSocket
FN:198,broadcastToRoom
FN:208,sendToUser
FNF:12
FNH:0
FNDA:0,createSocketServer
FNDA:0,(anonymous_2)
FNDA:0,(anonymous_3)
FNDA:0,(anonymous_4)
FNDA:0,(anonymous_5)
FNDA:0,(anonymous_6)
FNDA:0,handlePlayerDisconnect
FNDA:0,(anonymous_8)
FNDA:0,getRoomSocketCount
FNDA:0,getUserSocket
FNDA:0,broadcastToRoom
FNDA:0,sendToUser
DA:2,0
DA:3,0
DA:4,0
DA:13,0
DA:14,0
DA:15,0
DA:16,0
DA:17,0
DA:20,0
DA:26,0
DA:42,0
DA:43,0
DA:44,0
DA:46,0
DA:47,0
DA:50,0
DA:53,0
DA:57,0
DA:58,0
DA:62,0
DA:63,0
DA:64,0
DA:66,0
DA:67,0
DA:69,0
DA:70,0
DA:75,0
DA:76,0
DA:79,0
DA:84,0
DA:85,0
DA:86,0
DA:89,0
DA:90,0
DA:93,0
DA:94,0
DA:95,0
DA:97,0
DA:103,0
DA:104,0
DA:105,0
DA:113,0
DA:114,0
DA:117,0
DA:125,0
DA:127,0
DA:129,0
DA:131,0
DA:132,0
DA:134,0
DA:135,0
DA:138,0
DA:139,0
DA:140,0
DA:143,0
DA:146,0
DA:150,0
DA:156,0
DA:157,0
DA:161,0
DA:162,0
DA:165,0
DA:167,0
DA:168,0
DA:170,0
DA:176,0
DA:180,0
DA:181,0
DA:185,0
DA:189,0
DA:190,0
DA:191,0
DA:194,0
DA:198,0
DA:204,0
DA:208,0
DA:214,0
DA:215,0
DA:216,0
DA:217,0
DA:219,0
LF:81
LH:0
BRDA:33,0,0,0
BRDA:33,0,1,0
BRDA:44,1,0,0
BRDA:44,1,1,0
BRDA:44,2,0,0
BRDA:44,2,1,0
BRDA:44,3,0,0
BRDA:44,3,1,0
BRDA:46,4,0,0
BRDA:57,5,0,0
BRDA:93,6,0,0
BRDA:127,7,0,0
BRDA:127,8,0,0
BRDA:127,8,1,0
BRDA:134,9,0,0
BRDA:134,9,1,0
BRDA:139,10,0,0
BRDA:139,10,1,0
BRDA:181,11,0,0
BRDA:181,11,1,0
BRDA:190,12,0,0
BRDA:190,13,0,0
BRDA:190,13,1,0
BRDA:190,14,0,0
BRDA:190,14,1,0
BRDA:215,15,0,0
BRF:26
BRH:0
end_of_record
TN:
SF:src/socket/handlers/gameHandlers.ts
FN:21,setupGameHandlers
FN:26,(anonymous_2)
FN:44,(anonymous_3)
FN:58,(anonymous_4)
FN:95,(anonymous_5)
FN:132,(anonymous_6)
FN:171,(anonymous_7)
FN:261,(anonymous_8)
FN:269,(anonymous_9)
FN:293,(anonymous_10)
FN:323,(anonymous_11)
FN:351,convertGameEngineToWebSocketState
FN:356,(anonymous_13)
FN:360,(anonymous_14)
FN:370,(anonymous_15)
FN:371,(anonymous_16)
FN:372,(anonymous_17)
FN:378,(anonymous_18)
FN:395,convertStringToPlayerAction
FN:414,reconstructGameEngine
FN:415,(anonymous_21)
FN:431,generateGameResults
FN:438,(anonymous_23)
FN:450,updatePlayerChips
FN:464,recordGameResult
FN:465,(anonymous_26)
FNF:26
FNH:0
FNDA:0,setupGameHandlers
FNDA:0,(anonymous_2)
FNDA:0,(anonymous_3)
FNDA:0,(anonymous_4)
FNDA:0,(anonymous_5)
FNDA:0,(anonymous_6)
FNDA:0,(anonymous_7)
FNDA:0,(anonymous_8)
FNDA:0,(anonymous_9)
FNDA:0,(anonymous_10)
FNDA:0,(anonymous_11)
FNDA:0,convertGameEngineToWebSocketState
FNDA:0,(anonymous_13)
FNDA:0,(anonymous_14)
FNDA:0,(anonymous_15)
FNDA:0,(anonymous_16)
FNDA:0,(anonymous_17)
FNDA:0,(anonymous_18)
FNDA:0,convertStringToPlayerAction
FNDA:0,reconstructGameEngine
FNDA:0,(anonymous_21)
FNDA:0,generateGameResults
FNDA:0,(anonymous_23)
FNDA:0,updatePlayerChips
FNDA:0,recordGameResult
FNDA:0,(anonymous_26)
DA:2,0
DA:15,0
DA:16,0
DA:17,0
DA:19,0
DA:21,0
DA:26,0
DA:27,0
DA:28,0
DA:30,0
DA:32,0
DA:33,0
DA:34,0
DA:41,0
DA:44,0
DA:45,0
DA:46,0
DA:54,0
DA:57,0
DA:58,0
DA:60,0
DA:62,0
DA:65,0
DA:66,0
DA:67,0
DA:71,0
DA:72,0
DA:73,0
DA:81,0
DA:83,0
DA:84,0
DA:85,0
DA:88,0
DA:91,0
DA:94,0
DA:95,0
DA:96,0
DA:97,0
DA:98,0
DA:105,0
DA:108,0
DA:112,0
DA:119,0
DA:122,0
DA:123,0
DA:132,0
DA:133,0
DA:134,0
DA:136,0
DA:138,0
DA:139,0
DA:140,0
DA:147,0
DA:148,0
DA:149,0
DA:156,0
DA:158,0
DA:159,0
DA:167,0
DA:170,0
DA:171,0
DA:172,0
DA:173,0
DA:181,0
DA:182,0
DA:183,0
DA:191,0
DA:192,0
DA:193,0
DA:201,0
DA:203,0
DA:204,0
DA:212,0
DA:213,0
DA:216,0
DA:219,0
DA:226,0
DA:234,0
DA:235,0
DA:242,0
DA:243,0
DA:246,0
DA:249,0
DA:252,0
DA:258,0
DA:259,0
DA:260,0
DA:261,0
DA:263,0
DA:265,0
DA:268,0
DA:269,0
DA:270,0
DA:271,0
DA:272,0
DA:280,0
DA:283,0
DA:284,0
DA:293,0
DA:294,0
DA:295,0
DA:297,0
DA:299,0
DA:300,0
DA:301,0
DA:308,0
DA:311,0
DA:312,0
DA:320,0
DA:321,0
DA:322,0
DA:323,0
DA:326,0
DA:329,0
DA:335,0
DA:337,0
DA:340,0
DA:341,0
DA:352,0
DA:354,0
DA:356,0
DA:360,0
DA:370,0
DA:371,0
DA:372,0
DA:378,0
DA:396,0
DA:398,0
DA:400,0
DA:402,0
DA:404,0
DA:407,0
DA:409,0
DA:415,0
DA:421,0
DA:427,0
DA:432,0
DA:434,0
DA:435,0
DA:438,0
DA:451,0
DA:452,0
DA:465,0
DA:479,0
LF:144
LH:0
BRDA:33,0,0,0
BRDA:45,1,0,0
BRDA:57,2,0,0
BRDA:57,2,1,0
BRDA:58,3,0,0
BRDA:58,3,1,0
BRDA:60,4,0,0
BRDA:60,4,1,0
BRDA:60,5,0,0
BRDA:60,5,1,0
BRDA:72,6,0,0
BRDA:95,7,0,0
BRDA:95,7,1,0
BRDA:96,8,0,0
BRDA:114,9,0,0
BRDA:114,9,1,0
BRDA:139,10,0,0
BRDA:142,11,0,0
BRDA:142,11,1,0
BRDA:143,12,0,0
BRDA:143,12,1,0
BRDA:148,13,0,0
BRDA:158,14,0,0
BRDA:171,15,0,0
BRDA:171,15,1,0
BRDA:172,16,0,0
BRDA:172,17,0,0
BRDA:172,17,1,0
BRDA:182,18,0,0
BRDA:192,19,0,0
BRDA:203,20,0,0
BRDA:234,21,0,0
BRDA:242,22,0,0
BRDA:242,22,1,0
BRDA:269,23,0,0
BRDA:269,23,1,0
BRDA:270,24,0,0
BRDA:300,25,0,0
BRDA:311,26,0,0
BRDA:396,27,0,0
BRDA:396,27,1,0
BRDA:396,27,2,0
BRDA:396,27,3,0
BRDA:396,27,4,0
BRDA:396,27,5,0
BRDA:396,27,6,0
BRDA:434,28,0,0
BRDA:441,29,0,0
BRDA:441,29,1,0
BRDA:442,30,0,0
BRDA:442,30,1,0
BRF:51
BRH:0
end_of_record
TN:
SF:src/socket/handlers/roomHandlers.ts
FN:20,setupRoomHandlers
FN:25,(anonymous_2)
FN:106,(anonymous_3)
FN:213,(anonymous_4)
FN:232,(anonymous_5)
FN:255,(anonymous_6)
FN:312,(anonymous_7)
FNF:7
FNH:0
FNDA:0,setupRoomHandlers
FNDA:0,(anonymous_2)
FNDA:0,(anonymous_3)
FNDA:0,(anonymous_4)
FNDA:0,(anonymous_5)
FNDA:0,(anonymous_6)
FNDA:0,(anonymous_7)
DA:2,0
DA:3,0
DA:15,0
DA:16,0
DA:17,0
DA:18,0
DA:20,0
DA:25,0
DA:26,0
DA:27,0
DA:29,0
DA:31,0
DA:32,0
DA:33,0
DA:41,0
DA:42,0
DA:43,0
DA:50,0
DA:55,0
DA:56,0
DA:64,0
DA:65,0
DA:66,0
DA:73,0
DA:74,0
DA:75,0
DA:85,0
DA:87,0
DA:88,0
DA:91,0
DA:106,0
DA:108,0
DA:110,0
DA:111,0
DA:112,0
DA:115,0
DA:118,0
DA:121,0
DA:128,0
DA:132,0
DA:134,0
DA:135,0
DA:139,0
DA:140,0
DA:148,0
DA:152,0
DA:153,0
DA:161,0
DA:172,0
DA:173,0
DA:176,0
DA:177,0
DA:180,0
DA:183,0
DA:186,0
DA:193,0
DA:198,0
DA:200,0
DA:203,0
DA:204,0
DA:213,0
DA:214,0
DA:215,0
DA:217,0
DA:219,0
DA:221,0
DA:222,0
DA:229,0
DA:232,0
DA:234,0
DA:235,0
DA:243,0
DA:244,0
DA:247,0
DA:250,0
DA:251,0
DA:252,0
DA:255,0
DA:256,0
DA:260,0
DA:261,0
DA:264,0
DA:265,0
DA:266,0
DA:270,0
DA:271,0
DA:274,0
DA:281,0
DA:285,0
DA:291,0
DA:295,0
DA:296,0
DA:299,0
DA:302,0
DA:303,0
DA:312,0
DA:313,0
DA:315,0
DA:317,0
DA:318,0
DA:320,0
DA:327,0
DA:328,0
DA:336,0
DA:344,0
DA:345,0
DA:348,0
DA:349,0
DA:350,0
DA:351,0
DA:352,0
DA:353,0
DA:354,0
DA:355,0
DA:361,0
DA:362,0
DA:372,0
DA:376,0
DA:377,0
DA:385,0
DA:406,0
DA:409,0
DA:413,0
DA:414,0
DA:421,0
DA:431,0
DA:432,0
DA:436,0
DA:437,0
DA:445,0
DA:446,0
DA:449,0
DA:452,0
DA:455,0
DA:462,0
DA:463,0
DA:467,0
DA:470,0
DA:473,0
DA:474,0
LF:140
LH:0
BRDA:32,0,0,0
BRDA:35,1,0,0
BRDA:35,1,1,0
BRDA:36,2,0,0
BRDA:36,2,1,0
BRDA:42,3,0,0
BRDA:45,4,0,0
BRDA:45,4,1,0
BRDA:46,5,0,0
BRDA:46,5,1,0
BRDA:55,6,0,0
BRDA:64,7,0,0
BRDA:65,8,0,0
BRDA:74,9,0,0
BRDA:87,10,0,0
BRDA:87,10,1,0
BRDA:108,11,0,0
BRDA:139,12,0,0
BRDA:152,13,0,0
BRDA:164,14,0,0
BRDA:164,14,1,0
BRDA:221,15,0,0
BRDA:234,16,0,0
BRDA:260,17,0,0
BRDA:260,17,1,0
BRDA:265,18,0,0
BRDA:265,19,0,0
BRDA:265,19,1,0
BRDA:270,20,0,0
BRDA:270,21,0,0
BRDA:270,21,1,0
BRDA:295,22,0,0
BRDA:318,23,0,0
BRDA:327,24,0,0
BRDA:330,25,0,0
BRDA:330,25,1,0
BRDA:350,26,0,0
BRDA:352,27,0,0
BRDA:361,28,0,0
BRDA:361,28,1,0
BRDA:376,29,0,0
BRDA:391,30,0,0
BRDA:391,30,1,0
BRDA:413,31,0,0
BRDA:424,32,0,0
BRDA:424,32,1,0
BRDA:436,33,0,0
BRDA:462,34,0,0
BRF:48
BRH:0
end_of_record
TN:
SF:src/socket/handlers/systemHandlers.ts
FN:15,setupSystemHandlers
FN:21,(anonymous_1)
FN:30,(anonymous_2)
FN:36,(anonymous_3)
FN:62,(anonymous_4)
FN:136,(anonymous_5)
FN:179,(anonymous_6)
FN:194,(anonymous_7)
FN:249,(anonymous_8)
FNF:9
FNH:0
FNDA:0,setupSystemHandlers
FNDA:0,(anonymous_1)
FNDA:0,(anonymous_2)
FNDA:0,(anonymous_3)
FNDA:0,(anonymous_4)
FNDA:0,(anonymous_5)
FNDA:0,(anonymous_6)
FNDA:0,(anonymous_7)
FNDA:0,(anonymous_8)
DA:2,0
DA:11,0
DA:12,0
DA:13,0
DA:15,0
DA:20,0
DA:21,0
DA:22,0
DA:23,0
DA:24,0
DA:26,0
DA:30,0
DA:31,0
DA:32,0
DA:36,0
DA:37,0
DA:38,0
DA:40,0
DA:42,0
DA:44,0
DA:45,0
DA:47,0
DA:49,0
DA:51,0
DA:53,0
DA:54,0
DA:58,0
DA:61,0
DA:62,0
DA:65,0
DA:66,0
DA:68,0
DA:70,0
DA:74,0
DA:75,0
DA:79,0
DA:83,0
DA:85,0
DA:86,0
DA:89,0
DA:92,0
DA:93,0
DA:96,0
DA:102,0
DA:107,0
DA:120,0
DA:123,0
DA:124,0
DA:131,0
DA:133,0
DA:134,0
DA:135,0
DA:136,0
DA:138,0
DA:140,0
DA:141,0
DA:144,0
DA:145,0
DA:148,0
DA:153,0
DA:156,0
DA:160,0
DA:165,0
DA:170,0
DA:171,0
DA:179,0
DA:180,0
DA:183,0
DA:194,0
DA:195,0
DA:197,0
DA:198,0
DA:200,0
DA:201,0
DA:208,0
DA:209,0
DA:211,0
DA:212,0
DA:218,0
DA:219,0
DA:230,0
DA:239,0
DA:240,0
DA:249,0
DA:250,0
LF:85
LH:0
BRDA:22,0,0,0
BRDA:40,1,0,0
BRDA:40,1,1,0
BRDA:47,2,0,0
BRDA:47,2,1,0
BRDA:51,3,0,0
BRDA:65,4,0,0
BRDA:68,5,0,0
BRDA:74,6,0,0
BRDA:83,7,0,0
BRDA:83,7,1,0
BRDA:131,8,0,0
BRDA:134,9,0,0
BRDA:134,9,1,0
BRDA:138,10,0,0
BRDA:138,10,1,0
BRDA:166,11,0,0
BRDA:166,11,1,0
BRDA:180,12,0,0
BRDA:180,12,1,0
BRDA:200,13,0,0
BRDA:209,14,0,0
BRDA:221,15,0,0
BRDA:221,15,1,0
BRF:24
BRH:0
end_of_record
TN:
SF:src/socket/middleware/validation.ts
FN:12,(anonymous_0)
FN:18,(anonymous_1)
FN:45,(anonymous_2)
FN:94,(anonymous_3)
FN:129,(anonymous_4)
FN:134,(anonymous_5)
FN:139,(anonymous_6)
FN:144,(anonymous_7)
FN:149,(anonymous_8)
FN:175,(anonymous_9)
FN:242,(anonymous_10)
FN:269,(anonymous_11)
FN:296,(anonymous_12)
FN:305,(anonymous_13)
FN:311,(anonymous_14)
FN:338,(anonymous_15)
FNF:16
FNH:14
FNDA:37,(anonymous_0)
FNDA:70,(anonymous_1)
FNDA:65,(anonymous_2)
FNDA:23,(anonymous_3)
FNDA:464,(anonymous_4)
FNDA:70,(anonymous_5)
FNDA:23,(anonymous_6)
FNDA:464,(anonymous_7)
FNDA:557,(anonymous_8)
FNDA:71,(anonymous_9)
FNDA:62,(anonymous_10)
FNDA:0,(anonymous_11)
FNDA:3,(anonymous_12)
FNDA:18,(anonymous_13)
FNDA:4,(anonymous_14)
FNDA:0,(anonymous_15)
DA:1,2
DA:2,2
DA:5,2
DA:12,2
DA:13,37
DA:14,37
DA:15,37
DA:23,70
DA:26,70
DA:27,5
DA:34,65
DA:35,65
DA:36,0
DA:42,65
DA:45,65
DA:46,65
DA:47,0
DA:54,65
DA:55,0
DA:62,65
DA:63,65
DA:64,1
DA:71,64
DA:72,0
DA:79,64
DA:80,64
DA:81,2
DA:85,62
DA:86,62
DA:87,1
DA:90,61
DA:99,23
DA:102,23
DA:103,5
DA:110,18
DA:111,2
DA:118,16
DA:119,3
DA:125,13
DA:130,464
DA:135,70
DA:140,23
DA:145,464
DA:154,557
DA:155,557
DA:157,557
DA:159,21
DA:163,21
DA:166,536
DA:167,13
DA:170,523
DA:171,523
DA:181,71
DA:182,71
DA:183,2
DA:190,69
DA:191,4
DA:192,2
DA:199,2
DA:200,2
DA:201,0
DA:208,2
DA:209,1
DA:217,66
DA:218,63
DA:219,63
DA:220,0
DA:228,66
DA:229,2
DA:230,2
DA:231,1
DA:238,65
DA:248,62
DA:249,62
DA:251,62
DA:252,1
DA:253,1
DA:254,1
DA:262,61
DA:265,61
DA:266,61
DA:268,61
DA:269,61
DA:271,61
DA:272,0
DA:279,61
DA:280,61
DA:281,61
DA:284,61
DA:285,0
DA:286,0
DA:287,0
DA:292,61
DA:298,3
DA:299,3
DA:301,3
DA:306,18
DA:307,18
DA:312,4
DA:314,4
DA:315,4
DA:316,2
DA:320,4
DA:321,0
DA:322,0
DA:326,4
DA:327,0
DA:328,0
DA:335,2
DA:338,2
DA:339,0
LF:111
LH:96
BRDA:26,0,0,5
BRDA:35,1,0,0
BRDA:46,2,0,0
BRDA:54,3,0,0
BRDA:54,4,0,65
BRDA:54,4,1,65
BRDA:63,5,0,1
BRDA:63,6,0,65
BRDA:63,6,1,64
BRDA:71,7,0,0
BRDA:80,8,0,2
BRDA:86,9,0,1
BRDA:102,10,0,5
BRDA:110,11,0,2
BRDA:118,12,0,3
BRDA:118,13,0,16
BRDA:118,13,1,4
BRDA:118,13,2,2
BRDA:157,14,0,21
BRDA:157,15,0,557
BRDA:157,15,1,536
BRDA:166,16,0,13
BRDA:182,17,0,2
BRDA:190,18,0,4
BRDA:191,19,0,2
BRDA:191,20,0,4
BRDA:191,20,1,4
BRDA:200,21,0,0
BRDA:208,22,0,1
BRDA:217,23,0,63
BRDA:218,24,0,63
BRDA:218,24,1,63
BRDA:219,25,0,0
BRDA:228,26,0,2
BRDA:229,27,0,2
BRDA:229,27,1,2
BRDA:230,28,0,1
BRDA:251,29,0,1
BRDA:253,30,0,1
BRDA:268,31,0,61
BRDA:268,31,1,61
BRDA:271,32,0,0
BRDA:284,33,0,0
BRDA:286,34,0,0
BRDA:315,35,0,2
BRDA:321,36,0,0
BRDA:327,37,0,0
BRF:47
BRH:36
end_of_record
TN:
SF:src/types/socket.ts
FNF:0
FNH:0
DA:154,4
DA:189,4
LF:2
LH:2
BRF:0
BRH:0
end_of_record
